Microsoft HTML Help Compiler 4.74.8702

Compiling l:\Open Source\clipper\Clipper.CHM

default.css
Docs\_Body.htm
Docs\Overview\_Body.htm
Docs\Overview\Changes.htm
Docs\Overview\Changes_ZH.html
Docs\Overview\Changes_ZH_files\_buttons.gif
Docs\Overview\Changes_ZH_files\_Home.gif
Docs\Overview\Changes_ZH_files\_Project_Logo.gif
Docs\Overview\Changes_ZH_files\default.css
Docs\Overview\Changes_ZH_files\shCoreDefault.css
Docs\Overview\Changes_ZH_files\shThemeDefault.css
Docs\Overview\Changes_ZH_files\translate_24dp(1).png
Docs\Overview\Changes_ZH_files\translate_24dp.png
Docs\Overview\Changes_ZH_files\translateelement(1).css
Docs\Overview\Changes_ZH_files\translateelement.css
Docs\Overview\Deprecated.htm
Docs\Overview\Example.htm
Docs\Overview\FAQ.htm
Docs\Overview\License.htm
Docs\Overview\Rounding.htm
Docs\Units\ClipperLib\_Body.htm
Docs\Units\ClipperLib\Classes\Clipper\_Body.htm
Docs\Units\ClipperLib\Classes\Clipper\Methods\Constructor.htm
Docs\Units\ClipperLib\Classes\Clipper\Methods\Execute.htm
Docs\Units\ClipperLib\Classes\Clipper\Properties\PreserveCollinear.htm
Docs\Units\ClipperLib\Classes\Clipper\Properties\ReverseSolution.htm
Docs\Units\ClipperLib\Classes\Clipper\Properties\StrictlySimple.htm
Docs\Units\ClipperLib\Classes\Clipper\Properties\ZFillFunction.htm
Docs\Units\ClipperLib\Classes\ClipperBase\_Body.htm
Docs\Units\ClipperLib\Classes\ClipperBase\Methods\AddPath.htm
Docs\Units\ClipperLib\Classes\ClipperBase\Methods\AddPaths.htm
Docs\Units\ClipperLib\Classes\ClipperBase\Methods\Clear.htm
Docs\Units\ClipperLib\Classes\ClipperBase\Methods\GetBounds.htm
Docs\Units\ClipperLib\Classes\ClipperOffset\_Body.htm
Docs\Units\ClipperLib\Classes\ClipperOffset\Methods\AddPath.htm
Docs\Units\ClipperLib\Classes\ClipperOffset\Methods\AddPaths.htm
Docs\Units\ClipperLib\Classes\ClipperOffset\Methods\Clear.htm
Docs\Units\ClipperLib\Classes\ClipperOffset\Methods\Constructor.htm
Docs\Units\ClipperLib\Classes\ClipperOffset\Methods\Execute.htm
Docs\Units\ClipperLib\Classes\ClipperOffset\Properties\ArcTolerance.htm
Docs\Units\ClipperLib\Classes\ClipperOffset\Properties\MiterLimit.htm
Docs\Units\ClipperLib\Classes\PolyNode\_Body.htm
Docs\Units\ClipperLib\Classes\PolyNode\Methods\GetNext.htm
Docs\Units\ClipperLib\Classes\PolyNode\Properties\ChildCount.htm
Docs\Units\ClipperLib\Classes\PolyNode\Properties\Childs.htm
Docs\Units\ClipperLib\Classes\PolyNode\Properties\Contour.htm
Docs\Units\ClipperLib\Classes\PolyNode\Properties\IsHole.htm
Docs\Units\ClipperLib\Classes\PolyNode\Properties\IsOpen.htm
Docs\Units\ClipperLib\Classes\PolyNode\Properties\Parent.htm
Docs\Units\ClipperLib\Classes\PolyTree\_Body.htm
Docs\Units\ClipperLib\Classes\PolyTree\Methods\Clear.htm
Docs\Units\ClipperLib\Classes\PolyTree\Methods\GetFirst.htm
Docs\Units\ClipperLib\Classes\PolyTree\Properties\Total.htm
Docs\Units\ClipperLib\Functions\Area.htm
Docs\Units\ClipperLib\Functions\CleanPolygon.htm
Docs\Units\ClipperLib\Functions\CleanPolygons.htm
Docs\Units\ClipperLib\Functions\ClosedPathsFromPolyTree.htm
Docs\Units\ClipperLib\Functions\MinkowskiDiff.htm
Docs\Units\ClipperLib\Functions\MinkowskiSum.htm
Docs\Units\ClipperLib\Functions\OffsetPaths.htm
Docs\Units\ClipperLib\Functions\OpenPathsFromPolyTree.htm
Docs\Units\ClipperLib\Functions\Orientation.htm
Docs\Units\ClipperLib\Functions\PointInPolygon.htm
Docs\Units\ClipperLib\Functions\PolyTreeToPaths.htm
Docs\Units\ClipperLib\Functions\ReversePath.htm
Docs\Units\ClipperLib\Functions\ReversePaths.htm
Docs\Units\ClipperLib\Functions\SimplifyPolygon.htm
Docs\Units\ClipperLib\Functions\SimplifyPolygons.htm
Docs\Units\ClipperLib\Types\CInt.htm
Docs\Units\ClipperLib\Types\ClipType.htm
Docs\Units\ClipperLib\Types\EndType.htm
Docs\Units\ClipperLib\Types\InitOptions.htm
Docs\Units\ClipperLib\Types\IntPoint.htm
Docs\Units\ClipperLib\Types\IntRect.htm
Docs\Units\ClipperLib\Types\JoinType.htm
Docs\Units\ClipperLib\Types\Path.htm
Docs\Units\ClipperLib\Types\Paths.htm
Docs\Units\ClipperLib\Types\PolyFillType.htm
Docs\Units\ClipperLib\Types\PolyType.htm
Docs\Units\ClipperLib\Types\ZFillCallback.htm
Images\_BranchEmpty.gif
Images\_BranchRight.gif
Images\_BranchVert.gif
Images\_BranchVertRight.gif
Images\_buttons.gif
Images\_Class.gif
Images\_Home.gif
Images\_Project_Logo.gif
Images\_Unit.gif
Images\clean1.png
Images\clean2.png
Images\clipper_rounding.png
Images\clipper_rounding2.png
Images\clipper_rounding3.png
Images\clipper_rounding4.png
Images\cliptype.png
Images\common_edges.png
Images\difference.png
Images\endtypes1.png
Images\endtypes2.png
Images\evenodd.png
Images\int.png
Images\intersection.png
Images\jointypes.png
Images\kangaroo_small.png
Images\line_clipping.png
Images\line_clipping2.png
Images\linesdemo.png
Images\minkowski.png
Images\minkowski2.png
Images\miterlimit.png
Images\negative.png
Images\nonzero.png
Images\offset1.png
Images\orientation.png
Images\polytree.png
Images\positive.png
Images\sample1.png
Images\simplify.png
Images\simplify2.png
Images\simplify3.png
Images\union.png
Images\winding_number.png
Images\wn.png
Images\xor.png
Images\zfill.png
index.htm
Scripts\bootstrap.js
Scripts\expandable.js
Scripts\menu_data.js
Scripts\menu_script.js
Scripts\SyntaxHighlighter\index.html
Scripts\SyntaxHighlighter\scripts\shAutoloader.js
Scripts\SyntaxHighlighter\scripts\shBrushAppleScript.js
Scripts\SyntaxHighlighter\scripts\shBrushAS3.js
Scripts\SyntaxHighlighter\scripts\shBrushBash.js
Scripts\SyntaxHighlighter\scripts\shBrushColdFusion.js
Scripts\SyntaxHighlighter\scripts\shBrushCpp.js
Scripts\SyntaxHighlighter\scripts\shBrushCSharp.js
Scripts\SyntaxHighlighter\scripts\shBrushCss.js
Scripts\SyntaxHighlighter\scripts\shBrushDelphi.js
Scripts\SyntaxHighlighter\scripts\shBrushDiff.js
Scripts\SyntaxHighlighter\scripts\shBrushErlang.js
Scripts\SyntaxHighlighter\scripts\shBrushGroovy.js
Scripts\SyntaxHighlighter\scripts\shBrushJava.js
Scripts\SyntaxHighlighter\scripts\shBrushJavaFX.js
Scripts\SyntaxHighlighter\scripts\shBrushJScript.js
Scripts\SyntaxHighlighter\scripts\shBrushPerl.js
Scripts\SyntaxHighlighter\scripts\shBrushPhp.js
Scripts\SyntaxHighlighter\scripts\shBrushPlain.js
Scripts\SyntaxHighlighter\scripts\shBrushPowerShell.js
Scripts\SyntaxHighlighter\scripts\shBrushPython.js
Scripts\SyntaxHighlighter\scripts\shBrushRuby.js
Scripts\SyntaxHighlighter\scripts\shBrushSass.js
Scripts\SyntaxHighlighter\scripts\shBrushScala.js
Scripts\SyntaxHighlighter\scripts\shBrushSql.js
Scripts\SyntaxHighlighter\scripts\shBrushVb.js
Scripts\SyntaxHighlighter\scripts\shBrushXml.js
Scripts\SyntaxHighlighter\scripts\shCore.js
Scripts\SyntaxHighlighter\scripts\shLegacy.js
Scripts\SyntaxHighlighter\src\shAutoloader.js
Scripts\SyntaxHighlighter\src\shCore.js
Scripts\SyntaxHighlighter\src\shLegacy.js
Scripts\SyntaxHighlighter\styles\shCore.css
Scripts\SyntaxHighlighter\styles\shCoreDefault.css
Scripts\SyntaxHighlighter\styles\shCoreDjango.css
Scripts\SyntaxHighlighter\styles\shCoreEclipse.css
Scripts\SyntaxHighlighter\styles\shCoreEmacs.css
Scripts\SyntaxHighlighter\styles\shCoreFadeToGrey.css
Scripts\SyntaxHighlighter\styles\shCoreMDUltra.css
Scripts\SyntaxHighlighter\styles\shCoreMidnight.css
Scripts\SyntaxHighlighter\styles\shCoreRDark.css
Scripts\SyntaxHighlighter\styles\shThemeDefault.css
Scripts\SyntaxHighlighter\styles\shThemeDjango.css
Scripts\SyntaxHighlighter\styles\shThemeEclipse.css
Scripts\SyntaxHighlighter\styles\shThemeEmacs.css
Scripts\SyntaxHighlighter\styles\shThemeFadeToGrey.css
Scripts\SyntaxHighlighter\styles\shThemeMDUltra.css
Scripts\SyntaxHighlighter\styles\shThemeMidnight.css
Scripts\SyntaxHighlighter\styles\shThemeRDark.css
start.html
Styles\default.css
TOC-Created-By-Easy-CHM.HHC
Index-Created-By-Easy-CHM.HHK
C:\Users\ADMINI~1\AppData\Local\Temp\Easy-CHM-HtmlHelp-Maker.HTML
c:\Users\ADMINI~1\AppData\Local\Temp\Easy-CHM-HtmlHelp-Maker.GIF
offset_triginometry2.svg
HHC5013: Error: URL reference in the TOC cannot be resolved: "Easy-CHM-HtmlHelp-Maker.HTML".
HHC5013: Error: URL reference in the TOC cannot be resolved: "Easy-CHM-HtmlHelp-Maker.HTML".


The following files were not compiled:
